#
# A fatal error has been detected by the Java Runtime Environment:
#
#  EXCEPTION_ACCESS_VIOLATION (0xc0000005) at pc=0x00007ff86a96c213, pid=2264, tid=16448
#
# JRE version: Java(TM) SE Runtime Environment (16.0.1+9) (build 16.0.1+9-24)
# Java VM: Java HotSpot(TM) 64-Bit Server VM (16.0.1+9-24, mixed mode, sharing, tiered, compressed oops, compressed class ptrs, g1 gc, windows-amd64)
# Problematic frame:
# V  [jvm.dll+0x32c213]
#
# No core dump will be written. Minidumps are not enabled by default on client versions of Windows
#
# If you would like to submit a bug report, please visit:
#   https://bugreport.java.com/bugreport/crash.jsp
#

---------------  S U M M A R Y ------------

Command Line: -XX:+ShowCodeDetailsInExceptionMessages -agentlib:jdwp=transport=dt_socket,suspend=y,address=localhost:54212 -javaagent:C:\Users\Akshay\eclipse\java-2022-03\eclipse\configuration\org.eclipse.osgi\225\0\.cp\lib\javaagent-shaded.jar -Dfile.encoding=Cp1252 LogicalProgram.Insertion

Host: Intel(R) Core(TM) i3-1005G1 CPU @ 1.20GHz, 4 cores, 7G,  Windows 10 , 64 bit Build 19041 (10.0.19041.2364)
Time: Wed Jul  5 10:46:12 2023 India Standard Time elapsed time: 5673.612585 seconds (0d 1h 34m 33s)

---------------  T H R E A D  ---------------

Current thread (0x000002b7dea3a490):  VMThread "VM Thread" [stack: 0x000000d6b5e00000,0x000000d6b5f00000] [id=16448]

Stack: [0x000000d6b5e00000,0x000000d6b5f00000],  sp=0x000000d6b5efec80,  free space=1019k
Native frames: (J=compiled Java code, j=interpreted, Vv=VM code, C=native code)
V  [jvm.dll+0x32c213]
V  [jvm.dll+0x330072]
V  [jvm.dll+0x33048f]
V  [jvm.dll+0x32c613]
V  [jvm.dll+0x6572ce]
V  [jvm.dll+0x656fd3]
V  [jvm.dll+0x61c848]
V  [jvm.dll+0x7c1e55]
V  [jvm.dll+0x520b76]
V  [jvm.dll+0x7d05eb]
V  [jvm.dll+0x7d12e4]
V  [jvm.dll+0x7d17e9]
V  [jvm.dll+0x7d1aa4]
V  [jvm.dll+0x7d1b70]
V  [jvm.dll+0x779b4a]
V  [jvm.dll+0x667666]
C  [ucrtbase.dll+0x21bb2]
C  [KERNEL32.DLL+0x17614]
C  [ntdll.dll+0x526a1]


siginfo: EXCEPTION_ACCESS_VIOLATION (0xc0000005), reading address 0xffffffffffffffff


Register to memory mapping:

RIP=0x00007ff86a96c213 jvm.dll
RAX=0x000002b7df42de50 points into unknown readable memory: 0x0040400000000001 | 01 00 00 00 00 40 40 00
RBX=0x000000d6b5efee50 points into unknown readable memory: 0x00007ff86af721e8 | e8 21 f7 6a f8 7f 00 00
RCX=0x000000d6b5efeec0 points into unknown readable memory: 0x000002b7df42de50 | 50 de 42 df b7 02 00 00
RDX=0xffffffffffffff53 is an unknown value
RSP=0x000000d6b5efec80 points into unknown readable memory: 0x000002b7df62c330 | 30 c3 62 df b7 02 00 00
RBP=0x00007ff86a96c1f0 jvm.dll
RSI=0x0 is NULL
RDI=0x000000d6b5efee50 points into unknown readable memory: 0x00007ff86af721e8 | e8 21 f7 6a f8 7f 00 00
R8 =0x03fffffffffffffd is an unknown value
R9 =0x0000000000000013 is an unknown value
R10=0x00007ff86a640000 jvm.dll
R11=0x000002b7df42de50 points into unknown readable memory: 0x0040400000000001 | 01 00 00 00 00 40 40 00
R12=0x00000000000083b0 is an unknown value
R13=0x0000000000000001 is an unknown value
R14=0x0000000000000050 is an unknown value
R15=0x000002b7df03b358 is pointing into metadata


Registers:
RAX=0x000002b7df42de50, RBX=0x000000d6b5efee50, RCX=0x000000d6b5efeec0, RDX=0xffffffffffffff53
RSP=0x000000d6b5efec80, RBP=0x00007ff86a96c1f0, RSI=0x0000000000000000, RDI=0x000000d6b5efee50
R8 =0x03fffffffffffffd, R9 =0x0000000000000013, R10=0x00007ff86a640000, R11=0x000002b7df42de50
R12=0x00000000000083b0, R13=0x0000000000000001, R14=0x0000000000000050, R15=0x000002b7df03b358
RIP=0x00007ff86a96c213, EFLAGS=0x0000000000010a02

Top of Stack: (sp=0x000000d6b5efec80)
0x000000d6b5efec80:   000002b7df62c330 0000000000000100
0x000000d6b5efec90:   0000000000000000 00007ff86a982284
0x000000d6b5efeca0:   000000d6b5efed20 00007ff86a970072
0x000000d6b5efecb0:   000000d6b5efed20 000002b7dea3a490
0x000000d6b5efecc0:   000000d6b5efed20 00007ff86a76d03e
0x000000d6b5efecd0:   000002b7df03b480 0000000000000010
0x000000d6b5efece0:   000002b7df03b3e0 00000000000000a1
0x000000d6b5efecf0:   00000000000000a1 00007ff86a97048f
0x000000d6b5efed00:   000000d6b5efee50 000000d6b5efed50
0x000000d6b5efed10:   0000000000000050 000000d6b5efed50
0x000000d6b5efed20:   000002b7df03b480 000002b7dea3a490
0x000000d6b5efed30:   0000005300000050 000000a100000080
0x000000d6b5efed40:   0000008000000000 ffffffff000000a1
0x000000d6b5efed50:   0000000000000000 00007ff86b150980
0x000000d6b5efed60:   00000000000083b0 000002b7df42de00
0x000000d6b5efed70:   000002b7dea3a490 00007ff86a96c613 

Instructions: (pc=0x00007ff86a96c213)
0x00007ff86a96c113:   4c 63 fa 48 8b f1 48 85 db 74 13 66 90 39 3b 0f
0x00007ff86a96c123:   84 a6 00 00 00 48 8b 5b 10 48 85 db 75 ef 33 d2
0x00007ff86a96c133:   8d 4a 18 e8 35 31 39 00 48 8b d8 48 85 c0 0f 84
0x00007ff86a96c143:   82 00 00 00 33 d2 4c 89 74 24 50 4c 8b 36 89 38
0x00007ff86a96c153:   8d 4a 18 e8 15 31 39 00 48 8b f8 48 85 c0 74 55
0x00007ff86a96c163:   48 89 6c 24 48 ba 08 00 00 00 8b 2d d5 5d 74 00
0x00007ff86a96c173:   8b cd e8 b6 5a 01 00 c7 07 00 00 00 00 89 6f 04
0x00007ff86a96c183:   48 89 47 08 85 ed 7e 11 44 8b c5 33 d2 49 c1 e0
0x00007ff86a96c193:   03 48 8b c8 e8 56 96 4f 00 48 8b 6c 24 48 48 c7
0x00007ff86a96c1a3:   47 10 00 00 00 00 4c 89 73 10 4c 8b 74 24 50 48
0x00007ff86a96c1b3:   89 7b 08 eb 13 33 ff 4c 89 73 10 4c 8b 74 24 50
0x00007ff86a96c1c3:   48 89 7b 08 eb 02 33 db 48 89 1e 48 8b 4b 08 48
0x00007ff86a96c1d3:   8d 54 24 40 4c 89 7c 24 40 e8 1f e5 cd ff 48 8b
0x00007ff86a96c1e3:   5c 24 58 48 83 c4 20 41 5f 5f 5e c3 cc 40 53 48
0x00007ff86a96c1f3:   83 ec 20 48 63 d2 48 8b d9 0f b6 c2 48 83 c1 70
0x00007ff86a96c203:   24 3f 4c 8b c2 44 0f b6 c8 49 c1 e8 06 48 8b 01
0x00007ff86a96c213:   4e 8b 04 c0 4d 0f a3 c8 72 0b 41 b0 01 e8 bb e3
0x00007ff86a96c223:   de ff ff 43 6c 48 83 c4 20 5b c3 cc cc 8b c2 4c
0x00007ff86a96c233:   8b d1 41 33 c0 a9 00 00 00 f0 0f 84 ca 00 00 00
0x00007ff86a96c243:   44 8b ca 8b c2 41 c1 e9 1d b9 72 00 00 00 41 80
0x00007ff86a96c253:   e1 01 c1 e8 1e 44 8d 59 ae a8 01 74 1a 45 84 c9
0x00007ff86a96c263:   75 0d c1 ea 1c f6 c2 01 75 05 44 8b c9 eb 35 41
0x00007ff86a96c273:   b9 23 00 00 00 eb 2d 45 84 c9 74 08 41 b9 76 00
0x00007ff86a96c283:   00 00 eb 20 8b c2 c1 e8 1c a8 01 74 08 41 b9 70
0x00007ff86a96c293:   00 00 00 eb 0f c1 ea 1f 41 b9 40 00 00 00 84 d2
0x00007ff86a96c2a3:   45 0f 45 cb 41 8b d0 41 8b c0 c1 ea 1d 80 e2 01
0x00007ff86a96c2b3:   c1 e8 1e a8 01 74 15 84 d2 75 0a 41 c1 e8 1c 41
0x00007ff86a96c2c3:   f6 c0 01 74 33 b9 23 00 00 00 eb 2c 84 d2 74 07
0x00007ff86a96c2d3:   b9 76 00 00 00 eb 21 41 8b c0 c1 e8 1c a8 01 74
0x00007ff86a96c2e3:   07 b9 70 00 00 00 eb 10 41 c1 e8 1f b9 40 00 00
0x00007ff86a96c2f3:   00 45 84 c0 41 0f 45 cb 44 8b c1 48 8d 15 93 12
0x00007ff86a96c303:   5c 00 49 8b ca e9 d3 56 00 00 c3 cc cc 40 53 48 


Stack slot to memory mapping:
stack at sp + 0 slots: 0x000002b7df62c330 points into unknown readable memory: 0x000002b7bf300d80 | 80 0d 30 bf b7 02 00 00
stack at sp + 1 slots: 0x0000000000000100 is an unknown value
stack at sp + 2 slots: 0x0 is NULL
stack at sp + 3 slots: 0x00007ff86a982284 jvm.dll
stack at sp + 4 slots: 0x000000d6b5efed20 points into unknown readable memory: 0x000002b7df03b480 | 80 b4 03 df b7 02 00 00
stack at sp + 5 slots: 0x00007ff86a970072 jvm.dll
stack at sp + 6 slots: 0x000000d6b5efed20 points into unknown readable memory: 0x000002b7df03b480 | 80 b4 03 df b7 02 00 00
stack at sp + 7 slots: 0x000002b7dea3a490 points into unknown readable memory: 0x00007ff86afaf628 | 28 f6 fa 6a f8 7f 00 00

VM_Operation (0x000000d6b69ff850): get/set locals, mode: safepoint, requested by thread 0x000002b7df5cb0a0


---------------  P R O C E S S  ---------------

Threads class SMR info:
_java_thread_list=0x000002b7df682fd0, length=15, elements={
0x000002b7c1499340, 0x000002b7dea3de80, 0x000002b7dea3f090, 0x000002b7dea52730,
0x000002b7dea57150, 0x000002b7dea57b50, 0x000002b7dea58550, 0x000002b7dea59330,
0x000002b7dea67340, 0x000002b7dea7f960, 0x000002b7dea1e000, 0x000002b7df5cb0a0,
0x000002b7df5034e0, 0x000002b7df503e30, 0x000002b7df66b6f0
}

Java Threads: ( => current thread )
  0x000002b7c1499340 JavaThread "main" [_thread_blocked, id=20100, stack(0x000000d6b5800000,0x000000d6b5900000)]
  0x000002b7dea3de80 JavaThread "Reference Handler" daemon [_thread_blocked, id=17724, stack(0x000000d6b5f00000,0x000000d6b6000000)]
  0x000002b7dea3f090 JavaThread "Finalizer" daemon [_thread_blocked, id=5540, stack(0x000000d6b6000000,0x000000d6b6100000)]
  0x000002b7dea52730 JavaThread "Signal Dispatcher" daemon [_thread_blocked, id=17680, stack(0x000000d6b6100000,0x000000d6b6200000)]
  0x000002b7dea57150 JavaThread "Attach Listener" daemon [_thread_blocked, id=20068, stack(0x000000d6b6200000,0x000000d6b6300000)]
  0x000002b7dea57b50 JavaThread "Service Thread" daemon [_thread_blocked, id=20092, stack(0x000000d6b6300000,0x000000d6b6400000)]
  0x000002b7dea58550 JavaThread "Monitor Deflation Thread" daemon [_thread_blocked, id=19124, stack(0x000000d6b6400000,0x000000d6b6500000)]
  0x000002b7dea59330 JavaThread "C2 CompilerThread0" daemon [_thread_blocked, id=3444, stack(0x000000d6b6500000,0x000000d6b6600000)]
  0x000002b7dea67340 JavaThread "C1 CompilerThread0" daemon [_thread_blocked, id=13452, stack(0x000000d6b6600000,0x000000d6b6700000)]
  0x000002b7dea7f960 JavaThread "Sweeper thread" daemon [_thread_blocked, id=8924, stack(0x000000d6b6700000,0x000000d6b6800000)]
  0x000002b7dea1e000 JavaThread "Common-Cleaner" daemon [_thread_blocked, id=1532, stack(0x000000d6b6800000,0x000000d6b6900000)]
  0x000002b7df5cb0a0 JavaThread "JDWP Transport Listener: dt_socket" daemon [_thread_blocked, id=6700, stack(0x000000d6b6900000,0x000000d6b6a00000)]
  0x000002b7df5034e0 JavaThread "JDWP Event Helper Thread" daemon [_thread_blocked, id=12032, stack(0x000000d6b6a00000,0x000000d6b6b00000)]
  0x000002b7df503e30 JavaThread "JDWP Command Reader" daemon [_thread_in_native, id=17804, stack(0x000000d6b6b00000,0x000000d6b6c00000)]
  0x000002b7df66b6f0 JavaThread "Notification Thread" daemon [_thread_blocked, id=20120, stack(0x000000d6b6d00000,0x000000d6b6e00000)]

Other Threads:
=>0x000002b7dea3a490 VMThread "VM Thread" [stack: 0x000000d6b5e00000,0x000000d6b5f00000] [id=16448]
  0x000002b7c149a5d0 WatcherThread [stack: 0x000000d6b6e00000,0x000000d6b6f00000] [id=16764]
  0x000002b7c14da210 GCTaskThread "GC Thread#0" [stack: 0x000000d6b5900000,0x000000d6b5a00000] [id=18456]
  0x000002b7c14eaa50 ConcurrentGCThread "G1 Main Marker" [stack: 0x000000d6b5a00000,0x000000d6b5b00000] [id=11884]
  0x000002b7c14ebc60 ConcurrentGCThread "G1 Conc#0" [stack: 0x000000d6b5b00000,0x000000d6b5c00000] [id=6476]
  0x000002b7c1553630 ConcurrentGCThread "G1 Refine#0" [stack: 0x000000d6b5c00000,0x000000d6b5d00000] [id=17552]
  0x000002b7c15540b0 ConcurrentGCThread "G1 Service" [stack: 0x000000d6b5d00000,0x000000d6b5e00000] [id=15216]

Threads with active compile tasks:

VM state: at safepoint (normal execution)

VM Mutex/Monitor currently owned by a thread:  ([mutex/lock_event])
[0x000002b7c1495f30] Threads_lock - owner thread: 0x000002b7dea3a490

Heap address: 0x0000000084000000, size: 1984 MB, Compressed Oops mode: 32-bit

CDS archive(s) mapped at: [0x0000000800000000-0x0000000800bb0000-0x0000000800bb0000), size 12255232, SharedBaseAddress: 0x0000000800000000, ArchiveRelocationMode: 0.
Compressed class space mapped at: 0x0000000800c00000-0x0000000840c00000, reserved size: 1073741824
Narrow klass base: 0x0000000800000000, Narrow klass shift: 3, Narrow klass range: 0x100000000

GC Precious Log:
 CPUs: 4 total, 4 available
 Memory: 7934M
 Large Page Support: Disabled
 NUMA Support: Disabled
 Compressed Oops: Enabled (32-bit)
 Heap Region Size: 1M
 Heap Min Capacity: 8M
 Heap Initial Capacity: 124M
 Heap Max Capacity: 1984M
 Pre-touch: Disabled
 Parallel Workers: 4
 Concurrent Workers: 1
 Concurrent Refinement Workers: 4
 Periodic GC: Disabled

Heap:
 garbage-first heap   total 126976K, used 4096K [0x0000000084000000, 0x0000000100000000)
  region size 1024K, 5 young (5120K), 0 survivors (0K)
 Metaspace       used 2558K, committed 2688K, reserved 1056768K
  class space    used 221K, committed 320K, reserved 1048576K

Heap Regions: E=young(eden), S=young(survivor), O=old, HS=humongous(starts), HC=humongous(continues), CS=collection set, F=free, OA=open archive, CA=closed archive, TAMS=top-at-mark-start (previous, next)
|   0|0x0000000084000000, 0x0000000084000000, 0x0000000084100000|  0%| F|  |TAMS 0x0000000084000000, 0x0000000084000000| Untracked 
|   1|0x0000000084100000, 0x0000000084100000, 0x0000000084200000|  0%| F|  |TAMS 0x0000000084100000, 0x0000000084100000| Untracked 
|   2|0x0000000084200000, 0x0000000084200000, 0x0000000084300000|  0%| F|  |TAMS 0x0000000084200000, 0x0000000084200000| Untracked 
|   3|0x0000000084300000, 0x0000000084300000, 0x0000000084400000|  0%| F|  |TAMS 0x0000000084300000, 0x0000000084300000| Untracked 
|   4|0x0000000084400000, 0x0000000084400000, 0x0000000084500000|  0%| F|  |TAMS 0x0000000084400000, 0x0000000084400000| Untracked 
|   5|0x0000000084500000, 0x0000000084500000, 0x0000000084600000|  0%| F|  |TAMS 0x0000000084500000, 0x0000000084500000| Untracked 
|   6|0x0000000084600000, 0x0000000084600000, 0x0000000084700000|  0%| F|  |TAMS 0x0000000084600000, 0x0000000084600000| Untracked 
|   7|0x0000000084700000, 0x0000000084700000, 0x0000000084800000|  0%| F|  |TAMS 0x0000000084700000, 0x0000000084700000| Untracked 
|   8|0x0000000084800000, 0x0000000084800000, 0x0000000084900000|  0%| F|  |TAMS 0x0000000084800000, 0x0000000084800000| Untracked 
|   9|0x0000000084900000, 0x0000000084900000, 0x0000000084a00000|  0%| F|  |TAMS 0x0000000084900000, 0x0000000084900000| Untracked 
|  10|0x0000000084a00000, 0x0000000084a00000, 0x0000000084b00000|  0%| F|  |TAMS 0x0000000084a00000, 0x0000000084a00000| Untracked 
|  11|0x0000000084b00000, 0x0000000084b00000, 0x0000000084c00000|  0%| F|  |TAMS 0x0000000084b00000, 0x0000000084b00000| Untracked 
|  12|0x0000000084c00000, 0x0000000084c00000, 0x0000000084d00000|  0%| F|  |TAMS 0x0000000084c00000, 0x0000000084c00000| Untracked 
|  13|0x0000000084d00000, 0x0000000084d00000, 0x0000000084e00000|  0%| F|  |TAMS 0x0000000084d00000, 0x0000000084d00000| Untracked 
|  14|0x0000000084e00000, 0x0000000084e00000, 0x0000000084f00000|  0%| F|  |TAMS 0x0000000084e00000, 0x0000000084e00000| Untracked 
|  15|0x0000000084f00000, 0x0000000084f00000, 0x0000000085000000|  0%| F|  |TAMS 0x0000000084f00000, 0x0000000084f00000| Untracked 
|  16|0x0000000085000000, 0x0000000085000000, 0x0000000085100000|  0%| F|  |TAMS 0x0000000085000000, 0x0000000085000000| Untracked 
|  17|0x0000000085100000, 0x0000000085100000, 0x0000000085200000|  0%| F|  |TAMS 0x0000000085100000, 0x0000000085100000| Untracked 
|  18|0x0000000085200000, 0x0000000085200000, 0x0000000085300000|  0%| F|  |TAMS 0x0000000085200000, 0x0000000085200000| Untracked 
|  19|0x0000000085300000, 0x0000000085300000, 0x0000000085400000|  0%| F|  |TAMS 0x0000000085300000, 0x0000000085300000| Untracked 
|  20|0x0000000085400000, 0x0000000085400000, 0x0000000085500000|  0%| F|  |TAMS 0x0000000085400000, 0x0000000085400000| Untracked 
|  21|0x0000000085500000, 0x0000000085500000, 0x0000000085600000|  0%| F|  |TAMS 0x0000000085500000, 0x0000000085500000| Untracked 
|  22|0x0000000085600000, 0x0000000085600000, 0x0000000085700000|  0%| F|  |TAMS 0x0000000085600000, 0x0000000085600000| Untracked 
|  23|0x0000000085700000, 0x0000000085700000, 0x0000000085800000|  0%| F|  |TAMS 0x0000000085700000, 0x0000000085700000| Untracked 
|  24|0x0000000085800000, 0x0000000085800000, 0x0000000085900000|  0%| F|  |TAMS 0x0000000085800000, 0x0000000085800000| Untracked 
|  25|0x0000000085900000, 0x0000000085900000, 0x0000000085a00000|  0%| F|  |TAMS 0x0000000085900000, 0x0000000085900000| Untracked 
|  26|0x0000000085a00000, 0x0000000085a00000, 0x0000000085b00000|  0%| F|  |TAMS 0x0000000085a00000, 0x0000000085a00000| Untracked 
|  27|0x0000000085b00000, 0x0000000085b00000, 0x0000000085c00000|  0%| F|  |TAMS 0x0000000085b00000, 0x0000000085b00000| Untracked 
|  28|0x0000000085c00000, 0x0000000085c00000, 0x0000000085d00000|  0%| F|  |TAMS 0x0000000085c00000, 0x0000000085c00000| Untracked 
|  29|0x0000000085d00000, 0x0000000085d00000, 0x0000000085e00000|  0%| F|  |TAMS 0x0000000085d00000, 0x0000000085d00000| Untracked 
|  30|0x0000000085e00000, 0x0000000085e00000, 0x0000000085f00000|  0%| F|  |TAMS 0x0000000085e00000, 0x0000000085e00000| Untracked 
|  31|0x0000000085f00000, 0x0000000085f00000, 0x0000000086000000|  0%| F|  |TAMS 0x0000000085f00000, 0x0000000085f00000| Untracked 
|  32|0x0000000086000000, 0x0000000086000000, 0x0000000086100000|  0%| F|  |TAMS 0x0000000086000000, 0x0000000086000000| Untracked 
|  33|0x0000000086100000, 0x0000000086100000, 0x0000000086200000|  0%| F|  |TAMS 0x0000000086100000, 0x0000000086100000| Untracked 
|  34|0x0000000086200000, 0x0000000086200000, 0x0000000086300000|  0%| F|  |TAMS 0x0000000086200000, 0x0000000086200000| Untracked 
|  35|0x0000000086300000, 0x0000000086300000, 0x0000000086400000|  0%| F|  |TAMS 0x0000000086300000, 0x0000000086300000| Untracked 
|  36|0x0000000086400000, 0x0000000086400000, 0x0000000086500000|  0%| F|  |TAMS 0x0000000086400000, 0x0000000086400000| Untracked 
|  37|0x0000000086500000, 0x0000000086500000, 0x0000000086600000|  0%| F|  |TAMS 0x0000000086500000, 0x0000000086500000| Untracked 
|  38|0x0000000086600000, 0x0000000086600000, 0x0000000086700000|  0%| F|  |TAMS 0x0000000086600000, 0x0000000086600000| Untracked 
|  39|0x0000000086700000, 0x0000000086700000, 0x0000000086800000|  0%| F|  |TAMS 0x0000000086700000, 0x0000000086700000| Untracked 
|  40|0x0000000086800000, 0x0000000086800000, 0x0000000086900000|  0%| F|  |TAMS 0x0000000086800000, 0x0000000086800000| Untracked 
|  41|0x0000000086900000, 0x0000000086900000, 0x0000000086a00000|  0%| F|  |TAMS 0x0000000086900000, 0x0000000086900000| Untracked 
|  42|0x0000000086a00000, 0x0000000086a00000, 0x0000000086b00000|  0%| F|  |TAMS 0x0000000086a00000, 0x0000000086a00000| Untracked 
|  43|0x0000000086b00000, 0x0000000086b00000, 0x0000000086c00000|  0%| F|  |TAMS 0x0000000086b00000, 0x0000000086b00000| Untracked 
|  44|0x0000000086c00000, 0x0000000086c00000, 0x0000000086d00000|  0%| F|  |TAMS 0x0000000086c00000, 0x0000000086c00000| Untracked 
|  45|0x0000000086d00000, 0x0000000086d00000, 0x0000000086e00000|  0%| F|  |TAMS 0x0000000086d00000, 0x0000000086d00000| Untracked 
|  46|0x0000000086e00000, 0x0000000086e00000, 0x0000000086f00000|  0%| F|  |TAMS 0x0000000086e00000, 0x0000000086e00000| Untracked 
|  47|0x0000000086f00000, 0x0000000086f00000, 0x0000000087000000|  0%| F|  |TAMS 0x0000000086f00000, 0x0000000086f00000| Untracked 
|  48|0x0000000087000000, 0x0000000087000000, 0x0000000087100000|  0%| F|  |TAMS 0x0000000087000000, 0x0000000087000000| Untracked 
|  49|0x0000000087100000, 0x0000000087100000, 0x0000000087200000|  0%| F|  |TAMS 0x0000000087100000, 0x0000000087100000| Untracked 
|  50|0x0000000087200000, 0x0000000087200000, 0x0000000087300000|  0%| F|  |TAMS 0x0000000087200000, 0x0000000087200000| Untracked 
|  51|0x0000000087300000, 0x0000000087300000, 0x0000000087400000|  0%| F|  |TAMS 0x0000000087300000, 0x0000000087300000| Untracked 
|  52|0x0000000087400000, 0x0000000087400000, 0x0000000087500000|  0%| F|  |TAMS 0x0000000087400000, 0x0000000087400000| Untracked 
|  53|0x0000000087500000, 0x0000000087500000, 0x0000000087600000|  0%| F|  |TAMS 0x0000000087500000, 0x0000000087500000| Untracked 
|  54|0x0000000087600000, 0x0000000087600000, 0x0000000087700000|  0%| F|  |TAMS 0x0000000087600000, 0x0000000087600000| Untracked 
|  55|0x0000000087700000, 0x0000000087700000, 0x0000000087800000|  0%| F|  |TAMS 0x0000000087700000, 0x0000000087700000| Untracked 
|  56|0x0000000087800000, 0x0000000087800000, 0x0000000087900000|  0%| F|  |TAMS 0x0000000087800000, 0x0000000087800000| Untracked 
|  57|0x0000000087900000, 0x0000000087900000, 0x0000000087a00000|  0%| F|  |TAMS 0x0000000087900000, 0x0000000087900000| Untracked 
|  58|0x0000000087a00000, 0x0000000087a00000, 0x0000000087b00000|  0%| F|  |TAMS 0x0000000087a00000, 0x0000000087a00000| Untracked 
|  59|0x0000000087b00000, 0x0000000087b00000, 0x0000000087c00000|  0%| F|  |TAMS 0x0000000087b00000, 0x0000000087b00000| Untracked 
|  60|0x0000000087c00000, 0x0000000087c00000, 0x0000000087d00000|  0%| F|  |TAMS 0x0000000087c00000, 0x0000000087c00000| Untracked 
|  61|0x0000000087d00000, 0x0000000087d00000, 0x0000000087e00000|  0%| F|  |TAMS 0x0000000087d00000, 0x0000000087d00000| Untracked 
|  62|0x0000000087e00000, 0x0000000087e00000, 0x0000000087f00000|  0%| F|  |TAMS 0x0000000087e00000, 0x0000000087e00000| Untracked 
|  63|0x0000000087f00000, 0x0000000087f00000, 0x0000000088000000|  0%| F|  |TAMS 0x0000000087f00000, 0x0000000087f00000| Untracked 
|  64|0x0000000088000000, 0x0000000088000000, 0x0000000088100000|  0%| F|  |TAMS 0x0000000088000000, 0x0000000088000000| Untracked 
|  65|0x0000000088100000, 0x0000000088100000, 0x0000000088200000|  0%| F|  |TAMS 0x0000000088100000, 0x0000000088100000| Untracked 
|  66|0x0000000088200000, 0x0000000088200000, 0x0000000088300000|  0%| F|  |TAMS 0x0000000088200000, 0x0000000088200000| Untracked 
|  67|0x0000000088300000, 0x0000000088300000, 0x0000000088400000|  0%| F|  |TAMS 0x0000000088300000, 0x0000000088300000| Untracked 
|  68|0x0000000088400000, 0x0000000088400000, 0x0000000088500000|  0%| F|  |TAMS 0x0000000088400000, 0x0000000088400000| Untracked 
|  69|0x0000000088500000, 0x0000000088500000, 0x0000000088600000|  0%| F|  |TAMS 0x0000000088500000, 0x0000000088500000| Untracked 
|  70|0x0000000088600000, 0x0000000088600000, 0x0000000088700000|  0%| F|  |TAMS 0x0000000088600000, 0x0000000088600000| Untracked 
|  71|0x0000000088700000, 0x0000000088700000, 0x0000000088800000|  0%| F|  |TAMS 0x0000000088700000, 0x0000000088700000| Untracked 
|  72|0x0000000088800000, 0x0000000088800000, 0x0000000088900000|  0%| F|  |TAMS 0x0000000088800000, 0x0000000088800000| Untracked 
|  73|0x0000000088900000, 0x0000000088900000, 0x0000000088a00000|  0%| F|  |TAMS 0x0000000088900000, 0x0000000088900000| Untracked 
|  74|0x0000000088a00000, 0x0000000088a00000, 0x0000000088b00000|  0%| F|  |TAMS 0x0000000088a00000, 0x0000000088a00000| Untracked 
|  75|0x0000000088b00000, 0x0000000088b00000, 0x0000000088c00000|  0%| F|  |TAMS 0x0000000088b00000, 0x0000000088b00000| Untracked 
|  76|0x0000000088c00000, 0x0000000088c00000, 0x0000000088d00000|  0%| F|  |TAMS 0x0000000088c00000, 0x0000000088c00000| Untracked 
|  77|0x0000000088d00000, 0x0000000088d00000, 0x0000000088e00000|  0%| F|  |TAMS 0x0000000088d00000, 0x0000000088d00000| Untracked 
|  78|0x0000000088e00000, 0x0000000088e00000, 0x0000000088f00000|  0%| F|  |TAMS 0x0000000088e00000, 0x0000000088e00000| Untracked 
|  79|0x0000000088f00000, 0x0000000088f00000, 0x0000000089000000|  0%| F|  |TAMS 0x0000000088f00000, 0x0000000088f00000| Untracked 
|  80|0x0000000089000000, 0x0000000089000000, 0x0000000089100000|  0%| F|  |TAMS 0x0000000089000000, 0x0000000089000000| Untracked 
|  81|0x0000000089100000, 0x0000000089100000, 0x0000000089200000|  0%| F|  |TAMS 0x0000000089100000, 0x0000000089100000| Untracked 
|  82|0x0000000089200000, 0x0000000089200000, 0x0000000089300000|  0%| F|  |TAMS 0x0000000089200000, 0x0000000089200000| Untracked 
|  83|0x0000000089300000, 0x0000000089300000, 0x0000000089400000|  0%| F|  |TAMS 0x0000000089300000, 0x0000000089300000| Untracked 
|  84|0x0000000089400000, 0x0000000089400000, 0x0000000089500000|  0%| F|  |TAMS 0x0000000089400000, 0x0000000089400000| Untracked 
|  85|0x0000000089500000, 0x0000000089500000, 0x0000000089600000|  0%| F|  |TAMS 0x0000000089500000, 0x0000000089500000| Untracked 
|  86|0x0000000089600000, 0x0000000089600000, 0x0000000089700000|  0%| F|  |TAMS 0x0000000089600000, 0x0000000089600000| Untracked 
|  87|0x0000000089700000, 0x0000000089700000, 0x0000000089800000|  0%| F|  |TAMS 0x0000000089700000, 0x0000000089700000| Untracked 
|  88|0x0000000089800000, 0x0000000089800000, 0x0000000089900000|  0%| F|  |TAMS 0x0000000089800000, 0x0000000089800000| Untracked 
|  89|0x0000000089900000, 0x0000000089900000, 0x0000000089a00000|  0%| F|  |TAMS 0x0000000089900000, 0x0000000089900000| Untracked 
|  90|0x0000000089a00000, 0x0000000089a00000, 0x0000000089b00000|  0%| F|  |TAMS 0x0000000089a00000, 0x0000000089a00000| Untracked 
|  91|0x0000000089b00000, 0x0000000089b00000, 0x0000000089c00000|  0%| F|  |TAMS 0x0000000089b00000, 0x0000000089b00000| Untracked 
|  92|0x0000000089c00000, 0x0000000089c00000, 0x0000000089d00000|  0%| F|  |TAMS 0x0000000089c00000, 0x0000000089c00000| Untracked 
|  93|0x0000000089d00000, 0x0000000089d00000, 0x0000000089e00000|  0%| F|  |TAMS 0x0000000089d00000, 0x0000000089d00000| Untracked 
|  94|0x0000000089e00000, 0x0000000089e00000, 0x0000000089f00000|  0%| F|  |TAMS 0x0000000089e00000, 0x0000000089e00000| Untracked 
|  95|0x0000000089f00000, 0x0000000089f00000, 0x000000008a000000|  0%| F|  |TAMS 0x0000000089f00000, 0x0000000089f00000| Untracked 
|  96|0x000000008a000000, 0x000000008a000000, 0x000000008a100000|  0%| F|  |TAMS 0x000000008a000000, 0x000000008a000000| Untracked 
|  97|0x000000008a100000, 0x000000008a100000, 0x000000008a200000|  0%| F|  |TAMS 0x000000008a100000, 0x000000008a100000| Untracked 
|  98|0x000000008a200000, 0x000000008a200000, 0x000000008a300000|  0%| F|  |TAMS 0x000000008a200000, 0x000000008a200000| Untracked 
|  99|0x000000008a300000, 0x000000008a300000, 0x000000008a400000|  0%| F|  |TAMS 0x000000008a300000, 0x000000008a300000| Untracked 
| 100|0x000000008a400000, 0x000000008a400000, 0x000000008a500000|  0%| F|  |TAMS 0x000000008a400000, 0x000000008a400000| Untracked 
| 101|0x000000008a500000, 0x000000008a500000, 0x000000008a600000|  0%| F|  |TAMS 0x000000008a500000, 0x000000008a500000| Untracked 
| 102|0x000000008a600000, 0x000000008a600000, 0x000000008a700000|  0%| F|  |TAMS 0x000000008a600000, 0x000000008a600000| Untracked 
| 103|0x000000008a700000, 0x000000008a700000, 0x000000008a800000|  0%| F|  |TAMS 0x000000008a700000, 0x000000008a700000| Untracked 
| 104|0x000000008a800000, 0x000000008a800000, 0x000000008a900000|  0%| F|  |TAMS 0x000000008a800000, 0x000000008a800000| Untracked 
| 105|0x000000008a900000, 0x000000008a900000, 0x000000008aa00000|  0%| F|  |TAMS 0x000000008a900000, 0x000000008a900000| Untracked 
| 106|0x000000008aa00000, 0x000000008aa00000, 0x000000008ab00000|  0%| F|  |TAMS 0x000000008aa00000, 0x000000008aa00000| Untracked 
| 107|0x000000008ab00000, 0x000000008ab00000, 0x000000008ac00000|  0%| F|  |TAMS 0x000000008ab00000, 0x000000008ab00000| Untracked 
| 108|0x000000008ac00000, 0x000000008ac00000, 0x000000008ad00000|  0%| F|  |TAMS 0x000000008ac00000, 0x000000008ac00000| Untracked 
| 109|0x000000008ad00000, 0x000000008ad00000, 0x000000008ae00000|  0%| F|  |TAMS 0x000000008ad00000, 0x000000008ad00000| Untracked 
| 110|0x000000008ae00000, 0x000000008ae00000, 0x000000008af00000|  0%| F|  |TAMS 0x000000008ae00000, 0x000000008ae00000| Untracked 
| 111|0x000000008af00000, 0x000000008af00000, 0x000000008b000000|  0%| F|  |TAMS 0x000000008af00000, 0x000000008af00000| Untracked 
| 112|0x000000008b000000, 0x000000008b000000, 0x000000008b100000|  0%| F|  |TAMS 0x000000008b000000, 0x000000008b000000| Untracked 
| 113|0x000000008b100000, 0x000000008b100000, 0x000000008b200000|  0%| F|  |TAMS 0x000000008b100000, 0x000000008b100000| Untracked 
| 114|0x000000008b200000, 0x000000008b200000, 0x000000008b300000|  0%| F|  |TAMS 0x000000008b200000, 0x000000008b200000| Untracked 
| 115|0x000000008b300000, 0x000000008b300000, 0x000000008b400000|  0%| F|  |TAMS 0x000000008b300000, 0x000000008b300000| Untracked 
| 116|0x000000008b400000, 0x000000008b400000, 0x000000008b500000|  0%| F|  |TAMS 0x000000008b400000, 0x000000008b400000| Untracked 
| 117|0x000000008b500000, 0x000000008b500000, 0x000000008b600000|  0%| F|  |TAMS 0x000000008b500000, 0x000000008b500000| Untracked 
| 118|0x000000008b600000, 0x000000008b600000, 0x000000008b700000|  0%| F|  |TAMS 0x000000008b600000, 0x000000008b600000| Untracked 
| 119|0x000000008b700000, 0x000000008b7895e0, 0x000000008b800000| 53%| E|  |TAMS 0x000000008b700000, 0x000000008b700000| Complete 
| 120|0x000000008b800000, 0x000000008b900000, 0x000000008b900000|100%| E|CS|TAMS 0x000000008b800000, 0x000000008b800000| Complete 
| 121|0x000000008b900000, 0x000000008ba00000, 0x000000008ba00000|100%| E|CS|TAMS 0x000000008b900000, 0x000000008b900000| Complete 
| 122|0x000000008ba00000, 0x000000008bb00000, 0x000000008bb00000|100%| E|CS|TAMS 0x000000008ba00000, 0x000000008ba00000| Complete 
| 123|0x000000008bb00000, 0x000000008bc00000, 0x000000008bc00000|100%| E|CS|TAMS 0x000000008bb00000, 0x000000008bb00000| Complete 

Card table byte_map: [0x000002b7d8000000,0x000002b7d83e0000] _byte_map_base: 0x000002b7d7be0000

Marking Bits (Prev, Next): (CMBitMap*) 0x000002b7c14da880, (CMBitMap*) 0x000002b7c14da8c0
 Prev Bits: [0x000002b7d87c0000, 0x000002b7da6c0000)
 Next Bits: [0x000002b7da6c0000, 0x000002b7dc5c0000)

Polling page: 0x000002b7bf370000

Metaspace:

Usage:
  Non-class:      2.28 MB used.
      Class:    221.84 KB used.
       Both:      2.50 MB used.

Virtual space:
  Non-class space:        8.00 MB reserved,       2.31 MB ( 29%) committed,  1 nodes.
      Class space:        1.00 GB reserved,     320.00 KB ( <1%) committed,  1 nodes.
              Both:        1.01 GB reserved,       2.62 MB ( <1%) committed. 

Chunk freelists:
   Non-Class:  3.75 MB
       Class:  3.73 MB
        Both:  7.48 MB

MaxMetaspaceSize: 17179869184.00 GB
CompressedClassSpaceSize: 1.00 GB
 - commit_granule_bytes: 65536.
 - commit_granule_words: 8192.
 - virtual_space_node_default_size: 1048576.
 - enlarge_chunks_in_place: 1.
 - new_chunks_are_fully_committed: 0.
 - uncommit_free_chunks: 1.
 - use_allocation_guard: 0.
 - handle_deallocations: 1.


Internal statistics:

num_allocs_failed_limit: 0.
num_arena_births: 10.
num_arena_deaths: 0.
num_vsnodes_births: 2.
num_vsnodes_deaths: 0.
num_space_committed: 42.
num_space_uncommitted: 0.
num_chunks_returned_to_freelist: 0.
num_chunks_taken_from_freelist: 32.
num_chunk_merges: 0.
num_chunk_splits: 14.
num_chunks_enlarged: 9.
num_purges: 0.

CodeHeap 'non-profiled nmethods': size=120000Kb used=123Kb max_used=123Kb free=119876Kb
 bounds [0x000002b7d06f0000, 0x000002b7d0960000, 0x000002b7d7c20000]
CodeHeap 'profiled nmethods': size=120000Kb used=515Kb max_used=515Kb free=119484Kb
 bounds [0x000002b7c91c0000, 0x000002b7c9430000, 0x000002b7d06f0000]
CodeHeap 'non-nmethods': size=5760Kb used=1221Kb max_used=1241Kb free=4538Kb
 bounds [0x000002b7c8c20000, 0x000002b7c8e90000, 0x000002b7c91c0000]
 total_blobs=794 nmethods=374 adapters=333
 compilation: enabled
              stopped_count=0, restarted_count=0
 full_count=0

Compilation events (20 events):
Event: 5180.451 Thread 0x000002b7dea67340  368       3       java.lang.String::<init> (74 bytes)
Event: 5180.454 Thread 0x000002b7dea67340 

Event: 5180.454 Thread 0x000002b7dea67340  369       3       java.lang.StringUTF16::compress (20 bytes)
Event: 5180.454 Thread 0x000002b7dea67340 nmethod 369 0x000002b7c923ea10 code [0x000002b7c923ebc0, 0x000002b7c923ee28]
Event: 5180.454 Thread 0x000002b7dea67340  370       3       org.eclipse.jdt.launching.internal.org.objectweb.asm.ClassReader::readUtf (44 bytes)
Event: 5180.455 Thread 0x000002b7dea67340 nmethod 370 0x000002b7c923ef10 code [0x000002b7c923f0e0, 0x000002b7c923f518]
Event: 5227.200 Thread 0x000002b7dea67340  371       3       org.eclipse.jdt.launching.internal.org.objectweb.asm.ClassReader::getItem (7 bytes)
Event: 5227.200 Thread 0x000002b7dea67340 nmethod 371 0x000002b7c923f710 code [0x000002b7c923f8a0, 0x000002b7c923f9d8]
Event: 5240.134 Thread 0x000002b7dea67340  372       3       java.lang.String::<init> (14 bytes)
Event: 5240.134 Thread 0x000002b7dea67340 nmethod 372 0x000002b7c923fa90 code [0x000002b7c923fc60, 0x000002b7c923fe78]
Event: 5240.134 Thread 0x000002b7dea67340  374       3       org.eclipse.jdt.launching.internal.org.objectweb.asm.Symbol::<init> (38 bytes)
Event: 5240.136 Thread 0x000002b7dea67340 

Event: 5240.136 Thread 0x000002b7dea67340  373       3       java.lang.String::rangeCheck (9 bytes)
Event: 5240.136 Thread 0x000002b7dea67340 nmethod 373 0x000002b7c923ff90 code [0x000002b7c9240140, 0x000002b7c9240288]
Event: 5446.755 Thread 0x000002b7dea67340  375       3       org.eclipse.jdt.launching.internal.org.objectweb.asm.SymbolTable$Entry::<init> (17 bytes)
Event: 5446.755 Thread 0x000002b7dea67340 nmethod 375 0x000002b7c9240390 code [0x000002b7c9240540, 0x000002b7c92406e8]
Event: 5446.755 Thread 0x000002b7dea67340  376       3       org.eclipse.jdt.launching.internal.org.objectweb.asm.ClassReader::readUtf (161 bytes)
Event: 5446.758 Thread 0x000002b7dea67340 

Event: 5446.758 Thread 0x000002b7dea67340  377       3       java.lang.String::<init> (74 bytes)
Event: 5446.758 Thread 0x000002b7dea67340 nmethod 377 0x000002b7c9240790 code [0x000002b7c9240980, 0x000002b7c9240d98]

GC Heap History (0 events):
No events

Deoptimization events (20 events):
Event: 0.418 Thread 0x000002b7c1499340 DEOPT PACKING pc=0x000002b7c9229b5b sp=0x000000d6b58f8420
Event: 0.418 Thread 0x000002b7c1499340 DEOPT UNPACKING pc=0x000002b7c8c6e77e sp=0x000000d6b58f7888 mode 0
Event: 0.419 Thread 0x000002b7c1499340 DEOPT PACKING pc=0x000002b7c9229b5b sp=0x000000d6b58f8420
Event: 0.419 Thread 0x000002b7c1499340 DEOPT UNPACKING pc=0x000002b7c8c6e77e sp=0x000000d6b58f7888 mode 0
Event: 0.421 Thread 0x000002b7c1499340 DEOPT PACKING pc=0x000002b7c9229b5b sp=0x000000d6b58fbe50
Event: 0.421 Thread 0x000002b7c1499340 DEOPT UNPACKING pc=0x000002b7c8c6e77e sp=0x000000d6b58fb2b8 mode 0
Event: 0.421 Thread 0x000002b7c1499340 DEOPT PACKING pc=0x000002b7c9229b5b sp=0x000000d6b58fbe50
Event: 0.421 Thread 0x000002b7c1499340 DEOPT UNPACKING pc=0x000002b7c8c6e77e sp=0x000000d6b58fb2b8 mode 0
Event: 0.421 Thread 0x000002b7c1499340 DEOPT PACKING pc=0x000002b7c9229b5b sp=0x000000d6b58fbe50
Event: 0.421 Thread 0x000002b7c1499340 DEOPT UNPACKING pc=0x000002b7c8c6e77e sp=0x000000d6b58fb2b8 mode 0
Event: 0.422 Thread 0x000002b7c1499340 DEOPT PACKING pc=0x000002b7c9229b5b sp=0x000000d6b58f83a0
Event: 0.422 Thread 0x000002b7c1499340 DEOPT UNPACKING pc=0x000002b7c8c6e77e sp=0x000000d6b58f7808 mode 0
Event: 0.432 Thread 0x000002b7c1499340 DEOPT PACKING pc=0x000002b7c9229b5b sp=0x000000d6b58f8010
Event: 0.432 Thread 0x000002b7c1499340 DEOPT UNPACKING pc=0x000002b7c8c6e77e sp=0x000000d6b58f7478 mode 0
Event: 0.432 Thread 0x000002b7c1499340 DEOPT PACKING pc=0x000002b7c9229b5b sp=0x000000d6b58f8010
Event: 0.432 Thread 0x000002b7c1499340 DEOPT UNPACKING pc=0x000002b7c8c6e77e sp=0x000000d6b58f7478 mode 0
Event: 0.432 Thread 0x000002b7c1499340 DEOPT PACKING pc=0x000002b7c9229b5b sp=0x000000d6b58f8010
Event: 0.432 Thread 0x000002b7c1499340 DEOPT UNPACKING pc=0x000002b7c8c6e77e sp=0x000000d6b58f7478 mode 0
Event: 0.433 Thread 0x000002b7c1499340 DEOPT PACKING pc=0x000002b7c9229b5b sp=0x000000d6b58f8010
Event: 0.433 Thread 0x000002b7c1499340 DEOPT UNPACKING pc=0x000002b7c8c6e77e sp=0x000000d6b58f7478 mode 0

Classes unloaded (0 events):
No events

Classes redefined (5 events):
Event: 2069.049 Thread 0x000002b7dea3a490 redefined class name=LogicalProgram.Insertion, count=1
Event: 5180.452 Thread 0x000002b7dea3a490 redefined class name=LogicalProgram.Insertion, count=2
Event: 5227.200 Thread 0x000002b7dea3a490 redefined class name=LogicalProgram.Insertion, count=3
Event: 5240.135 Thread 0x000002b7dea3a490 redefined class name=LogicalProgram.Insertion, count=4
Event: 5446.756 Thread 0x000002b7dea3a490 redefined class name=LogicalProgram.Insertion, count=5

Internal exceptions (1 events):
Event: 0.397 Thread 0x000002b7c1499340 Exception <a 'java/lang/NoSuchMethodError'{0x000000008b8a61f8}: 'java.lang.Object java.lang.invoke.DirectMethodHandle$Holder.invokeStatic(java.lang.Object)'> (0x000000008b8a61f8) 
thrown [t:\workspace\open\src\hotspot\share\interpreter\linkResolver.cpp, line 790]

Events (20 events):
Event: 5240.165 Executing  VM operation: ChangeBreakpoints done
Event: 5446.755 Executing  VM operation: RedefineClasses
Event: 5446.758 Executing  VM operation: RedefineClasses done
Event: 5446.761 Executing  VM operation: ChangeBreakpoints
Event: 5446.762 Executing  VM operation: ChangeBreakpoints done
Event: 5446.771 Executing  VM operation: ChangeBreakpoints
Event: 5446.771 Executing  VM operation: ChangeBreakpoints done
Event: 5446.778 Executing  VM operation: ChangeBreakpoints
Event: 5446.778 Executing  VM operation: ChangeBreakpoints done
Event: 5446.779 Executing  VM operation: ChangeBreakpoints
Event: 5446.779 Executing  VM operation: ChangeBreakpoints done
Event: 5446.784 Executing  VM operation: ChangeBreakpoints
Event: 5446.784 Executing  VM operation: ChangeBreakpoints done
Event: 5446.784 Executing  VM operation: ChangeBreakpoints
Event: 5446.784 Executing  VM operation: ChangeBreakpoints done
Event: 5671.801 Executing  VM operation: ChangeSingleStep
Event: 5671.802 Executing  VM operation: ChangeSingleStep done
Event: 5671.808 Executing  VM operation: ChangeSingleStep
Event: 5671.808 Executing  VM operation: ChangeSingleStep done
Event: 5673.561 Executing  VM operation: get/set locals


Dynamic libraries:
0x00007ff75d810000 - 0x00007ff75d820000 	C:\Program Files\Java\jdk-16.0.1\bin\javaw.exe
0x00007ff8c2af0000 - 0x00007ff8c2ce8000 	C:\Windows\SYSTEM32\ntdll.dll
0x00007ff8c0fe0000 - 0x00007ff8c109f000 	C:\Windows\System32\KERNEL32.DLL
0x00007ff8c0570000 - 0x00007ff8c0842000 	C:\Windows\System32\KERNELBASE.dll
0x00007ff8c09c0000 - 0x00007ff8c0ac0000 	C:\Windows\System32\ucrtbase.dll
0x00007ff8b9930000 - 0x00007ff8b9948000 	C:\Program Files\Java\jdk-16.0.1\bin\jli.dll
0x00007ff8c0c10000 - 0x00007ff8c0cbe000 	C:\Windows\System32\ADVAPI32.dll
0x00007ff8c22c0000 - 0x00007ff8c235e000 	C:\Windows\System32\msvcrt.dll
0x00007ff8c12b0000 - 0x00007ff8c134c000 	C:\Windows\System32\sechost.dll
0x00007ff8c0e80000 - 0x00007ff8c0fa5000 	C:\Windows\System32\RPCRT4.dll
0x00007ff8c1860000 - 0x00007ff8c1a01000 	C:\Windows\System32\USER32.dll
0x00007ff8c0850000 - 0x00007ff8c0872000 	C:\Windows\System32\win32u.dll
0x00007ff8c0fb0000 - 0x00007ff8c0fdb000 	C:\Windows\System32\GDI32.dll
0x00007ff8c0410000 - 0x00007ff8c051f000 	C:\Windows\System32\gdi32full.dll
0x00007ff8c01e0000 - 0x00007ff8c027d000 	C:\Windows\System32\msvcp_win.dll
0x00007ff8ab7d0000 - 0x00007ff8ab7e9000 	C:\Program Files\Java\jdk-16.0.1\bin\VCRUNTIME140.dll
0x00007ff8ae1c0000 - 0x00007ff8ae45a000 	C:\Windows\WinSxS\amd64_microsoft.windows.common-controls_6595b64144ccf1df_6.0.19041.1110_none_60b5254171f9507e\COMCTL32.dll
0x00007ff8b74f0000 - 0x00007ff8b74fa000 	C:\Windows\SYSTEM32\VERSION.dll
0x00007ff8c2160000 - 0x00007ff8c2192000 	C:\Windows\System32\IMM32.DLL
0x00007ff8bbc40000 - 0x00007ff8bbc4c000 	C:\Program Files\Java\jdk-16.0.1\bin\vcruntime140_1.dll
0x00007ff89f010000 - 0x00007ff89f0a1000 	C:\Program Files\Java\jdk-16.0.1\bin\msvcp140.dll
0x00007ff86a640000 - 0x00007ff86b1eb000 	C:\Program Files\Java\jdk-16.0.1\bin\server\jvm.dll
0x00007ff8c1160000 - 0x00007ff8c1168000 	C:\Windows\System32\PSAPI.DLL
0x00007ff8bba70000 - 0x00007ff8bba79000 	C:\Windows\SYSTEM32\WSOCK32.dll
0x00007ff8c1170000 - 0x00007ff8c11db000 	C:\Windows\System32\WS2_32.dll
0x00007ff8ac8c0000 - 0x00007ff8ac8e7000 	C:\Windows\SYSTEM32\WINMM.dll
0x00007ff8bea30000 - 0x00007ff8bea42000 	C:\Windows\SYSTEM32\kernel.appcore.dll
0x00007ff8bba50000 - 0x00007ff8bba5a000 	C:\Program Files\Java\jdk-16.0.1\bin\jimage.dll
0x00007ff8bdfa0000 - 0x00007ff8be184000 	C:\Windows\SYSTEM32\DBGHELP.DLL
0x00007ff8af1b0000 - 0x00007ff8af1e5000 	C:\Windows\SYSTEM32\dbgcore.DLL
0x00007ff8c0880000 - 0x00007ff8c0902000 	C:\Windows\System32\bcryptPrimitives.dll
0x00007ff8b8240000 - 0x00007ff8b827b000 	C:\Program Files\Java\jdk-16.0.1\bin\jdwp.dll
0x00007ff8b9da0000 - 0x00007ff8b9dae000 	C:\Program Files\Java\jdk-16.0.1\bin\instrument.dll
0x00007ff8a52d0000 - 0x00007ff8a52f5000 	C:\Program Files\Java\jdk-16.0.1\bin\java.dll
0x00007ff8c1a10000 - 0x00007ff8c2154000 	C:\Windows\System32\SHELL32.dll
0x00007ff8be280000 - 0x00007ff8bea12000 	C:\Windows\SYSTEM32\windows.storage.dll
0x00007ff8c1480000 - 0x00007ff8c17d5000 	C:\Windows\System32\combase.dll
0x00007ff8bfb60000 - 0x00007ff8bfb90000 	C:\Windows\SYSTEM32\Wldp.dll
0x00007ff8c0db0000 - 0x00007ff8c0e5d000 	C:\Windows\System32\SHCORE.dll
0x00007ff8c1100000 - 0x00007ff8c1155000 	C:\Windows\System32\shlwapi.dll
0x00007ff8c0120000 - 0x00007ff8c013f000 	C:\Windows\SYSTEM32\profapi.dll
0x00007ff8b9d90000 - 0x00007ff8b9d9c000 	C:\Program Files\Java\jdk-16.0.1\bin\dt_socket.dll
0x00007ff8bf5b0000 - 0x00007ff8bf5eb000 	C:\Windows\SYSTEM32\IPHLPAPI.DLL
0x00007ff8bf8c0000 - 0x00007ff8bf92a000 	C:\Windows\system32\mswsock.dll
0x00007ff8bf5f0000 - 0x00007ff8bf6ba000 	C:\Windows\SYSTEM32\DNSAPI.dll
0x00007ff8c0e60000 - 0x00007ff8c0e68000 	C:\Windows\System32\NSI.dll
0x00007ff8b77d0000 - 0x00007ff8b77da000 	C:\Windows\System32\rasadhlp.dll
0x00007ff8b1160000 - 0x00007ff8b11e0000 	C:\Windows\System32\fwpuclnt.dll
0x00007ff8c03e0000 - 0x00007ff8c0407000 	C:\Windows\System32\bcrypt.dll
0x00007ff8a41a0000 - 0x00007ff8a41b8000 	C:\Program Files\Java\jdk-16.0.1\bin\zip.dll
0x00007ff8ab360000 - 0x00007ff8ab379000 	C:\Program Files\Java\jdk-16.0.1\bin\net.dll
0x00007ff8b17c0000 - 0x00007ff8b18cc000 	C:\Windows\SYSTEM32\WINHTTP.dll
0x00007ff8a4a90000 - 0x00007ff8a4aa3000 	C:\Program Files\Java\jdk-16.0.1\bin\nio.dll
0x00007ff8bb960000 - 0x00007ff8bb970000 	C:\Program Files\Java\jdk-16.0.1\bin\verify.dll

dbghelp: loaded successfully - version: 4.0.5 - missing functions: none
symbol engine: initialized successfully - sym options: 0x614 - pdb path: .;C:\Program Files\Java\jdk-16.0.1\bin;C:\Windows\SYSTEM32;C:\Windows\WinSxS\amd64_microsoft.windows.common-controls_6595b64144ccf1df_6.0.19041.1110_none_60b5254171f9507e;C:\Program Files\Java\jdk-16.0.1\bin\server

VM Arguments:
jvm_args: -XX:+ShowCodeDetailsInExceptionMessages -agentlib:jdwp=transport=dt_socket,suspend=y,address=localhost:54212 -javaagent:C:\Users\Akshay\eclipse\java-2022-03\eclipse\configuration\org.eclipse.osgi\225\0\.cp\lib\javaagent-shaded.jar -Dfile.encoding=Cp1252 
java_command: LogicalProgram.Insertion
java_class_path (initial): C:\Users\Akshay\eclipse-workspace\InterviewPrepartion\bin
Launcher Type: SUN_STANDARD

[Global flags]
     intx CICompilerCount                          = 3                                         {product} {ergonomic}
     uint ConcGCThreads                            = 1                                         {product} {ergonomic}
     uint G1ConcRefinementThreads                  = 4                                         {product} {ergonomic}
   size_t G1HeapRegionSize                         = 1048576                                   {product} {ergonomic}
    uintx GCDrainStackTargetSize                   = 64                                        {product} {ergonomic}
   size_t InitialHeapSize                          = 130023424                                 {product} {ergonomic}
   size_t MarkStackSize                            = 4194304                                   {product} {ergonomic}
   size_t MaxHeapSize                              = 2080374784                                {product} {ergonomic}
   size_t MaxNewSize                               = 1247805440                                {product} {ergonomic}
   size_t MinHeapDeltaBytes                        = 1048576                                   {product} {ergonomic}
   size_t MinHeapSize                              = 8388608                                   {product} {ergonomic}
    uintx NonNMethodCodeHeapSize                   = 5832780                                {pd product} {ergonomic}
    uintx NonProfiledCodeHeapSize                  = 122912730                              {pd product} {ergonomic}
    uintx ProfiledCodeHeapSize                     = 122912730                              {pd product} {ergonomic}
    uintx ReservedCodeCacheSize                    = 251658240                              {pd product} {ergonomic}
     bool SegmentedCodeCache                       = true                                      {product} {ergonomic}
     bool ShowCodeDetailsInExceptionMessages       = true                                   {manageable} {command line}
   size_t SoftMaxHeapSize                          = 2080374784                             {manageable} {ergonomic}
     bool UseCompressedClassPointers               = true                           {product lp64_product} {ergonomic}
     bool UseCompressedOops                        = true                           {product lp64_product} {ergonomic}
     bool UseG1GC                                  = true                                      {product} {ergonomic}
     bool UseLargePagesIndividualAllocation        = false                                  {pd product} {ergonomic}

Logging:
Log output configuration:
 #0: stdout all=warning uptime,level,tags
 #1: stderr all=off uptime,level,tags

Environment Variables:
JAVA_HOME=C:\Program Files\Java\jdk-16.0.1
PATH=C:\Program Files\Common Files\Oracle\Java\javapath;C:\Windows\system32;C:\Windows;C:\Windows\System32\Wbem;C:\Windows\System32\WindowsPowerShell\v1.0\;C:\Windows\System32\OpenSSH\;C:\Program Files\McAfee\MSK;C:\Program Files\CodeBlocks\MinGW\bin;C:\Program Files\Java\jdk-16.0.1\bin;C:\xampp\php;C:\composer;C:\Program Files\Git\cmd;C:\myxampp\php;C:\Program Files (x86)\MySQL\MySQL Server 5.0\bin;C:\Users\Akshay\AppData\Local\Microsoft\WindowsApps;;C:\Users\Akshay\AppData\Local\Programs\Microsoft VS Code\bin;C:\Users\Akshay\AppData\Roaming\Composer\vendor\bin
USERNAME=Akshay
OS=Windows_NT
PROCESSOR_IDENTIFIER=Intel64 Family 6 Model 126 Stepping 5, GenuineIntel



---------------  S Y S T E M  ---------------

OS:
 Windows 10 , 64 bit Build 19041 (10.0.19041.2364)
OS uptime: 0 days 23:21 hours

CPU: total 4 (initial active 4) (2 cores per cpu, 2 threads per core) family 6 model 126 stepping 5 microcode 0x78, cx8, cmov, fxsr, ht, mmx, 3dnowpref, sse, sse2, sse3, ssse3, sse4.1, sse4.2, popcnt, lzcnt, tsc, tscinvbit, avx, avx2, aes, erms, clmul, bmi1, bmi2, adx, avx512f, avx512dq, avx512cd, avx512bw, avx512vl, sha, fma, vzeroupper, avx512_vpopcntdq, avx512_vpclmulqdq, avx512_vaes, avx512_vnni, clflush, clflushopt, avx512_vmbi2, avx512_vmbi

Memory: 4k page, system-wide physical 7934M (1491M free)
TotalPageFile size 22782M (AvailPageFile size 10077M)
current process WorkingSet (physical memory assigned to process): 40M, peak: 43M
current process commit charge ("private bytes"): 201M, peak: 203M

vm_info: Java HotSpot(TM) 64-Bit Server VM (16.0.1+9-24) for windows-amd64 JRE (16.0.1+9-24), built on Mar 26 2021 19:31:42 by "mach5one" with MS VC++ 16.7 (VS2019)

END.
